<?xml version="1.0" encoding="utf-8"?><testsuites name="pytest tests"><testsuite name="pytest" errors="0" failures="1" skipped="0" tests="20" time="6.182" timestamp="2026-06-14T19:45:52.266505+00:00" hostname="agent-env-a1811ec2-2c97-40d5-9d1c-45ffa6cf769a"><testcase classname="backend.tests.test_curlnect_backend" name="test_categories_seeded" time="0.193" /><testcase classname="backend.tests.test_curlnect_backend" name="test_list_practitioners" time="0.150" /><testcase classname="backend.tests.test_curlnect_backend" name="test_filter_practitioners_calgary" time="0.154" /><testcase classname="backend.tests.test_curlnect_backend" name="test_filter_practitioners_calgary_skin_fade" time="0.131" /><testcase classname="backend.tests.test_curlnect_backend" name="test_practitioner_by_id_enriched" time="0.241" /><testcase classname="backend.tests.test_curlnect_backend" name="test_practitioner_by_slug_kofi" time="0.128" /><testcase classname="backend.tests.test_curlnect_backend" name="test_register_and_email_unique" time="0.317"><failure message="AssertionError: assert ('token' in {'token': 'eyJhbGciOiJIUzI1NiIsInR5cCI6IkpXVCJ9.eyJzdWIiOiI0MTkzOWUxZi03YWU4LTQzMWYtODkyNi0xOGUwNTM3NjQ0MmIiLCJlbWFpbCI6InRlc3RfYTQ5ODM2MWJAY3VybG5lY3QuY29tIiwicm9sZSI6ImNsaWVudCIsImV4cCI6MTc4MjA3MTE1MywidHlwZSI6ImFjY2VzcyJ9.SqAzGV6A13B-ZnYpPuFgSRairZyOnZiG4QQPuDnK59A', 'user': {'email': 'test_a498361b@curlnect.com', 'id': '41939e1f-7ae8-431f-8926-18e05376442b', 'name': 'Test User', 'role': 'client'}} and 'test_a498361b@curlnect.com' == 'TEST_a498361b@curlnect.com'&#10;  &#10;  - TEST_a498361b@curlnect.com&#10;  ? ^^^^&#10;  + test_a498361b@curlnect.com&#10;  ? ^^^^)">backend/tests/test_curlnect_backend.py:107: in test_register_and_email_unique
    assert "token" in data and data["user"]["email"] == email
E   AssertionError: assert ('token' in {'token': 'eyJhbGciOiJIUzI1NiIsInR5cCI6IkpXVCJ9.eyJzdWIiOiI0MTkzOWUxZi03YWU4LTQzMWYtODkyNi0xOGUwNTM3NjQ0MmIiLCJlbWFpbCI6InRlc3RfYTQ5ODM2MWJAY3VybG5lY3QuY29tIiwicm9sZSI6ImNsaWVudCIsImV4cCI6MTc4MjA3MTE1MywidHlwZSI6ImFjY2VzcyJ9.SqAzGV6A13B-ZnYpPuFgSRairZyOnZiG4QQPuDnK59A', 'user': {'email': 'test_a498361b@curlnect.com', 'id': '41939e1f-7ae8-431f-8926-18e05376442b', 'name': 'Test User', 'role': 'client'}} and 'test_a498361b@curlnect.com' == 'TEST_a498361b@curlnect.com'
E     
E     - TEST_a498361b@curlnect.com
E     ? ^^^^
E     + test_a498361b@curlnect.com
E     ? ^^^^)</failure></testcase><testcase classname="backend.tests.test_curlnect_backend" name="test_login_invalid" time="0.321" /><testcase classname="backend.tests.test_curlnect_backend" name="test_me_endpoint" time="0.609" /><testcase classname="backend.tests.test_curlnect_backend" name="test_slots_endpoint" time="0.207" /><testcase classname="backend.tests.test_curlnect_backend" name="test_first_marketplace_booking_commission_10pct" time="0.998" /><testcase classname="backend.tests.test_curlnect_backend" name="test_direct_link_booking_is_zero_commission" time="0.643" /><testcase classname="backend.tests.test_curlnect_backend" name="test_bookings_list_client_scoped" time="0.101" /><testcase classname="backend.tests.test_curlnect_backend" name="test_bookings_list_practitioner_scoped" time="0.413" /><testcase classname="backend.tests.test_curlnect_backend" name="test_cancel_booking_by_client" time="0.198" /><testcase classname="backend.tests.test_curlnect_backend" name="test_review_requires_completed" time="0.097" /><testcase classname="backend.tests.test_curlnect_backend" name="test_admin_stats" time="0.463" /><testcase classname="backend.tests.test_curlnect_backend" name="test_admin_stats_forbidden_for_client" time="0.104" /><testcase classname="backend.tests.test_curlnect_backend" name="test_prac_services_crud" time="0.408" /><testcase classname="backend.tests.test_curlnect_backend" name="test_prac_availability_replace" time="0.100" /></testsuite></testsuites>