<?xml version="1.0" encoding="utf-8"?><testsuites name="pytest tests"><testsuite name="pytest" errors="0" failures="0" skipped="0" tests="14" time="3.084" timestamp="2026-06-21T15:02:59.355196+00:00" hostname="agent-env-a1811ec2-2c97-40d5-9d1c-45ffa6cf769a"><testcase classname="backend.tests.test_joli_v3_admin.TestRegression" name="test_auth_me_admin" time="0.429" /><testcase classname="backend.tests.test_joli_v3_admin.TestRegression" name="test_auth_me_client" time="0.412" /><testcase classname="backend.tests.test_joli_v3_admin.TestRegression" name="test_practitioners_list" time="0.099" /><testcase classname="backend.tests.test_joli_v3_admin.TestRegression" name="test_blog_index" time="0.094" /><testcase classname="backend.tests.test_joli_v3_admin.TestAdminUsers" name="test_list_all_users" time="0.100" /><testcase classname="backend.tests.test_joli_v3_admin.TestAdminUsers" name="test_practitioner_rows_have_enrichment" time="0.107" /><testcase classname="backend.tests.test_joli_v3_admin.TestAdminUsers" name="test_filter_role_client" time="0.095" /><testcase classname="backend.tests.test_joli_v3_admin.TestAdminUsers" name="test_search_blessing" time="0.087" /><testcase classname="backend.tests.test_joli_v3_admin.TestAdminUsers" name="test_non_admin_forbidden_users" time="0.309" /><testcase classname="backend.tests.test_joli_v3_admin.TestAdminUsers" name="test_non_admin_forbidden_activity" time="0.097" /><testcase classname="backend.tests.test_joli_v3_admin.TestAdminActivity" name="test_activity_feed" time="0.104" /><testcase classname="backend.tests.test_joli_v3_admin.TestSuspend" name="test_suspend_blessing_hides_from_public" time="0.664" /><testcase classname="backend.tests.test_joli_v3_admin.TestSuspend" name="test_suspend_non_admin_forbidden" time="0.208" /><testcase classname="backend.tests.test_joli_v3_admin.TestSuspend" name="test_suspend_404_unknown" time="0.117" /></testsuite></testsuites>